<?xml version="1.0" encoding="UTF-8"?>
<!-- Generated by org.testng.reporters.JUnitXMLReporter -->
<testsuite hostname="CBT-MH-000" ignored="0" name="Test" tests="7" failures="0" timestamp="25 Oct 2019 09:04:10 GMT" time="14.714" errors="0">
  <testcase name="searchTweet" time="3.684" classname="Demo2.Search"/>
  <testcase name="searchTweet" time="1.722" classname="Demo2.DisplayingUsername"/>
  <testcase name="createTweet" time="0.779" classname="Demo2.First"/>
  <testcase name="getList" time="0.562" classname="Demo2.ListTweetsofUser"/>
  <testcase name="getWeather" time="0.649" classname="Demo2.Bangloreweather"/>
  <testcase name="blockUser" time="0.578" classname="Demo2.Block"/>
  <testcase name="getHastag" time="6.671" classname="Demo2.Hashtag"/>
</testsuite> <!-- Test -->
